::1 - - [07/Jan/2022:15:15:02 +0000] "OPTIONS /api/auth/login HTTP/1.1" 200 4 "http://localhost:4200/" "Mozilla/5.0 (Windows NT 10.0; Win64; x64) AppleWebKit/537.36 (KHTML, like Gecko) Chrome/96.0.4664.110 Safari/537.36"
::1 - - [07/Jan/2022:15:15:07 +0000] "POST /api/auth/login HTTP/1.1" 200 224 "http://localhost:4200/" "Mozilla/5.0 (Windows NT 10.0; Win64; x64) AppleWebKit/537.36 (KHTML, like Gecko) Chrome/96.0.4664.110 Safari/537.36"
::1 - - [07/Jan/2022:15:15:09 +0000] "OPTIONS /api/sauces HTTP/1.1" 200 13 "http://localhost:4200/" "Mozilla/5.0 (Windows NT 10.0; Win64; x64) AppleWebKit/537.36 (KHTML, like Gecko) Chrome/96.0.4664.110 Safari/537.36"
::1 - - [07/Jan/2022:15:15:09 +0000] "GET /api/sauces HTTP/1.1" 401 71 "http://localhost:4200/" "Mozilla/5.0 (Windows NT 10.0; Win64; x64) AppleWebKit/537.36 (KHTML, like Gecko) Chrome/96.0.4664.110 Safari/537.36"
::1 - - [07/Jan/2022:15:16:03 +0000] "OPTIONS /api/sauces HTTP/1.1" 200 13 "http://localhost:4200/" "Mozilla/5.0 (Windows NT 10.0; Win64; x64) AppleWebKit/537.36 (KHTML, like Gecko) Chrome/96.0.4664.110 Safari/537.36"
::1 - - [07/Jan/2022:15:16:03 +0000] "POST /api/sauces HTTP/1.1" 401 71 "http://localhost:4200/" "Mozilla/5.0 (Windows NT 10.0; Win64; x64) AppleWebKit/537.36 (KHTML, like Gecko) Chrome/96.0.4664.110 Safari/537.36"
::1 - - [07/Jan/2022:15:17:06 +0000] "OPTIONS /api/sauces HTTP/1.1" 200 13 "http://localhost:4200/" "Mozilla/5.0 (Windows NT 10.0; Win64; x64) AppleWebKit/537.36 (KHTML, like Gecko) Chrome/96.0.4664.110 Safari/537.36"
::1 - - [07/Jan/2022:15:17:06 +0000] "POST /api/sauces HTTP/1.1" 401 71 "http://localhost:4200/" "Mozilla/5.0 (Windows NT 10.0; Win64; x64) AppleWebKit/537.36 (KHTML, like Gecko) Chrome/96.0.4664.110 Safari/537.36"
::1 - - [07/Jan/2022:15:18:13 +0000] "OPTIONS /api/sauces HTTP/1.1" 200 13 "http://localhost:4200/" "Mozilla/5.0 (Windows NT 10.0; Win64; x64) AppleWebKit/537.36 (KHTML, like Gecko) Chrome/96.0.4664.110 Safari/537.36"
::1 - - [07/Jan/2022:15:18:14 +0000] "POST /api/sauces HTTP/1.1" 401 71 "http://localhost:4200/" "Mozilla/5.0 (Windows NT 10.0; Win64; x64) AppleWebKit/537.36 (KHTML, like Gecko) Chrome/96.0.4664.110 Safari/537.36"
::1 - - [07/Jan/2022:15:29:27 +0000] "OPTIONS /api/sauces HTTP/1.1" 200 13 "http://localhost:4200/" "Mozilla/5.0 (Windows NT 10.0; Win64; x64) AppleWebKit/537.36 (KHTML, like Gecko) Chrome/96.0.4664.110 Safari/537.36"
::1 - - [07/Jan/2022:15:29:28 +0000] "POST /api/sauces HTTP/1.1" 401 71 "http://localhost:4200/" "Mozilla/5.0 (Windows NT 10.0; Win64; x64) AppleWebKit/537.36 (KHTML, like Gecko) Chrome/96.0.4664.110 Safari/537.36"
::1 - - [07/Jan/2022:15:32:18 +0000] "OPTIONS /api/sauces HTTP/1.1" 200 13 "http://localhost:4200/" "Mozilla/5.0 (Windows NT 10.0; Win64; x64) AppleWebKit/537.36 (KHTML, like Gecko) Chrome/96.0.4664.110 Safari/537.36"
::1 - - [07/Jan/2022:15:32:18 +0000] "POST /api/sauces HTTP/1.1" 401 71 "http://localhost:4200/" "Mozilla/5.0 (Windows NT 10.0; Win64; x64) AppleWebKit/537.36 (KHTML, like Gecko) Chrome/96.0.4664.110 Safari/537.36"
::1 - - [07/Jan/2022:15:39:50 +0000] "OPTIONS /api/sauces HTTP/1.1" 200 13 "http://localhost:4200/" "Mozilla/5.0 (Windows NT 10.0; Win64; x64) AppleWebKit/537.36 (KHTML, like Gecko) Chrome/96.0.4664.110 Safari/537.36"
::1 - - [07/Jan/2022:15:42:37 +0000] "OPTIONS /api/sauces HTTP/1.1" 200 13 "http://localhost:4200/" "Mozilla/5.0 (Windows NT 10.0; Win64; x64) AppleWebKit/537.36 (KHTML, like Gecko) Chrome/96.0.4664.110 Safari/537.36"
::1 - - [07/Jan/2022:15:42:38 +0000] "POST /api/sauces HTTP/1.1" 500 262 "http://localhost:4200/" "Mozilla/5.0 (Windows NT 10.0; Win64; x64) AppleWebKit/537.36 (KHTML, like Gecko) Chrome/96.0.4664.110 Safari/537.36"
::1 - - [07/Jan/2022:15:45:06 +0000] "OPTIONS /api/sauces HTTP/1.1" 200 13 "http://localhost:4200/" "Mozilla/5.0 (Windows NT 10.0; Win64; x64) AppleWebKit/537.36 (KHTML, like Gecko) Chrome/96.0.4664.110 Safari/537.36"
::1 - - [07/Jan/2022:15:45:06 +0000] "POST /api/sauces HTTP/1.1" 401 71 "http://localhost:4200/" "Mozilla/5.0 (Windows NT 10.0; Win64; x64) AppleWebKit/537.36 (KHTML, like Gecko) Chrome/96.0.4664.110 Safari/537.36"
::ffff:127.0.0.1 - - [07/Jan/2022:15:46:05 +0000] "OPTIONS /api/sauces HTTP/1.1" 200 13 "http://localhost:4200/" "Mozilla/5.0 (Windows NT 10.0; Win64; x64) AppleWebKit/537.36 (KHTML, like Gecko) Chrome/96.0.4664.110 Safari/537.36"
::ffff:127.0.0.1 - - [07/Jan/2022:15:46:05 +0000] "POST /api/sauces HTTP/1.1" 401 71 "http://localhost:4200/" "Mozilla/5.0 (Windows NT 10.0; Win64; x64) AppleWebKit/537.36 (KHTML, like Gecko) Chrome/96.0.4664.110 Safari/537.36"
::1 - - [07/Jan/2022:15:52:29 +0000] "OPTIONS /api/sauces HTTP/1.1" 200 13 "http://localhost:4200/" "Mozilla/5.0 (Windows NT 10.0; Win64; x64) AppleWebKit/537.36 (KHTML, like Gecko) Chrome/96.0.4664.110 Safari/537.36"
::1 - - [07/Jan/2022:15:52:29 +0000] "POST /api/sauces HTTP/1.1" 401 71 "http://localhost:4200/" "Mozilla/5.0 (Windows NT 10.0; Win64; x64) AppleWebKit/537.36 (KHTML, like Gecko) Chrome/96.0.4664.110 Safari/537.36"
::1 - - [07/Jan/2022:15:52:32 +0000] "POST /api/sauces HTTP/1.1" 401 71 "http://localhost:4200/" "Mozilla/5.0 (Windows NT 10.0; Win64; x64) AppleWebKit/537.36 (KHTML, like Gecko) Chrome/96.0.4664.110 Safari/537.36"
::1 - - [07/Jan/2022:15:52:47 +0000] "OPTIONS /api/sauces HTTP/1.1" 200 13 "http://localhost:4200/" "Mozilla/5.0 (Windows NT 10.0; Win64; x64) AppleWebKit/537.36 (KHTML, like Gecko) Chrome/96.0.4664.110 Safari/537.36"
::1 - - [07/Jan/2022:15:52:47 +0000] "POST /api/sauces HTTP/1.1" 401 71 "http://localhost:4200/" "Mozilla/5.0 (Windows NT 10.0; Win64; x64) AppleWebKit/537.36 (KHTML, like Gecko) Chrome/96.0.4664.110 Safari/537.36"
::1 - - [07/Jan/2022:15:54:37 +0000] "OPTIONS /api/sauces HTTP/1.1" 200 13 "http://localhost:4200/" "Mozilla/5.0 (Windows NT 10.0; Win64; x64) AppleWebKit/537.36 (KHTML, like Gecko) Chrome/96.0.4664.110 Safari/537.36"
::1 - - [07/Jan/2022:15:54:37 +0000] "POST /api/sauces HTTP/1.1" 401 71 "http://localhost:4200/" "Mozilla/5.0 (Windows NT 10.0; Win64; x64) AppleWebKit/537.36 (KHTML, like Gecko) Chrome/96.0.4664.110 Safari/537.36"
::1 - - [07/Jan/2022:15:57:37 +0000] "OPTIONS /api/sauces HTTP/1.1" 200 13 "http://localhost:4200/" "Mozilla/5.0 (Windows NT 10.0; Win64; x64) AppleWebKit/537.36 (KHTML, like Gecko) Chrome/96.0.4664.110 Safari/537.36"
::1 - - [07/Jan/2022:15:57:37 +0000] "POST /api/sauces HTTP/1.1" 401 71 "http://localhost:4200/" "Mozilla/5.0 (Windows NT 10.0; Win64; x64) AppleWebKit/537.36 (KHTML, like Gecko) Chrome/96.0.4664.110 Safari/537.36"
::1 - - [07/Jan/2022:15:57:55 +0000] "OPTIONS /api/sauces HTTP/1.1" 200 13 "http://localhost:4200/" "Mozilla/5.0 (Windows NT 10.0; Win64; x64) AppleWebKit/537.36 (KHTML, like Gecko) Chrome/96.0.4664.110 Safari/537.36"
::1 - - [07/Jan/2022:15:57:55 +0000] "POST /api/sauces HTTP/1.1" 401 71 "http://localhost:4200/" "Mozilla/5.0 (Windows NT 10.0; Win64; x64) AppleWebKit/537.36 (KHTML, like Gecko) Chrome/96.0.4664.110 Safari/537.36"
::1 - - [07/Jan/2022:16:00:27 +0000] "OPTIONS /api/sauces HTTP/1.1" 200 13 "http://localhost:4200/" "Mozilla/5.0 (Windows NT 10.0; Win64; x64) AppleWebKit/537.36 (KHTML, like Gecko) Chrome/96.0.4664.110 Safari/537.36"
::1 - - [07/Jan/2022:16:00:28 +0000] "POST /api/sauces HTTP/1.1" 401 71 "http://localhost:4200/" "Mozilla/5.0 (Windows NT 10.0; Win64; x64) AppleWebKit/537.36 (KHTML, like Gecko) Chrome/96.0.4664.110 Safari/537.36"
::1 - - [07/Jan/2022:16:00:48 +0000] "OPTIONS /api/sauces HTTP/1.1" 200 13 "http://localhost:4200/" "Mozilla/5.0 (Windows NT 10.0; Win64; x64) AppleWebKit/537.36 (KHTML, like Gecko) Chrome/96.0.4664.110 Safari/537.36"
::1 - - [07/Jan/2022:16:00:48 +0000] "POST /api/sauces HTTP/1.1" 401 71 "http://localhost:4200/" "Mozilla/5.0 (Windows NT 10.0; Win64; x64) AppleWebKit/537.36 (KHTML, like Gecko) Chrome/96.0.4664.110 Safari/537.36"
::1 - - [07/Jan/2022:16:03:26 +0000] "OPTIONS /api/sauces HTTP/1.1" 200 13 "http://localhost:4200/" "Mozilla/5.0 (Windows NT 10.0; Win64; x64) AppleWebKit/537.36 (KHTML, like Gecko) Chrome/96.0.4664.110 Safari/537.36"
::1 - - [07/Jan/2022:16:03:27 +0000] "POST /api/sauces HTTP/1.1" 401 71 "http://localhost:4200/" "Mozilla/5.0 (Windows NT 10.0; Win64; x64) AppleWebKit/537.36 (KHTML, like Gecko) Chrome/96.0.4664.110 Safari/537.36"
::1 - - [07/Jan/2022:16:04:07 +0000] "OPTIONS /api/sauces HTTP/1.1" 200 13 "http://localhost:4200/" "Mozilla/5.0 (Windows NT 10.0; Win64; x64) AppleWebKit/537.36 (KHTML, like Gecko) Chrome/96.0.4664.110 Safari/537.36"
::1 - - [07/Jan/2022:16:04:07 +0000] "POST /api/sauces HTTP/1.1" 401 71 "http://localhost:4200/" "Mozilla/5.0 (Windows NT 10.0; Win64; x64) AppleWebKit/537.36 (KHTML, like Gecko) Chrome/96.0.4664.110 Safari/537.36"
::1 - - [07/Jan/2022:16:06:34 +0000] "OPTIONS /api/sauces HTTP/1.1" 200 13 "http://localhost:4200/" "Mozilla/5.0 (Windows NT 10.0; Win64; x64) AppleWebKit/537.36 (KHTML, like Gecko) Chrome/96.0.4664.110 Safari/537.36"
::1 - - [07/Jan/2022:16:06:36 +0000] "POST /api/sauces HTTP/1.1" 201 54 "http://localhost:4200/" "Mozilla/5.0 (Windows NT 10.0; Win64; x64) AppleWebKit/537.36 (KHTML, like Gecko) Chrome/96.0.4664.110 Safari/537.36"
::1 - - [07/Jan/2022:16:06:38 +0000] "GET /api/sauces HTTP/1.1" 200 315 "http://localhost:4200/" "Mozilla/5.0 (Windows NT 10.0; Win64; x64) AppleWebKit/537.36 (KHTML, like Gecko) Chrome/96.0.4664.110 Safari/537.36"
::1 - - [07/Jan/2022:16:06:38 +0000] "GET /images/calv%C3%A9_1641571594891.jpg HTTP/1.1" 200 66520 "http://localhost:4200/" "Mozilla/5.0 (Windows NT 10.0; Win64; x64) AppleWebKit/537.36 (KHTML, like Gecko) Chrome/96.0.4664.110 Safari/537.36"
::1 - - [07/Jan/2022:16:08:11 +0000] "OPTIONS /api/sauces HTTP/1.1" 200 13 "http://localhost:4200/" "Mozilla/5.0 (Windows NT 10.0; Win64; x64) AppleWebKit/537.36 (KHTML, like Gecko) Chrome/96.0.4664.110 Safari/537.36"
::1 - - [07/Jan/2022:16:08:11 +0000] "GET /api/sauces HTTP/1.1" 200 315 "http://localhost:4200/" "Mozilla/5.0 (Windows NT 10.0; Win64; x64) AppleWebKit/537.36 (KHTML, like Gecko) Chrome/96.0.4664.110 Safari/537.36"
::1 - - [07/Jan/2022:16:08:11 +0000] "GET /images/calv%C3%A9_1641571594891.jpg HTTP/1.1" 200 66520 "http://localhost:4200/" "Mozilla/5.0 (Windows NT 10.0; Win64; x64) AppleWebKit/537.36 (KHTML, like Gecko) Chrome/96.0.4664.110 Safari/537.36"
::1 - - [07/Jan/2022:16:08:14 +0000] "OPTIONS /api/sauces/61d8650ac08d763a545a4b74 HTTP/1.1" 200 19 "http://localhost:4200/" "Mozilla/5.0 (Windows NT 10.0; Win64; x64) AppleWebKit/537.36 (KHTML, like Gecko) Chrome/96.0.4664.110 Safari/537.36"
::1 - - [07/Jan/2022:16:08:14 +0000] "GET /api/sauces/61d8650ac08d763a545a4b74 HTTP/1.1" 200 313 "http://localhost:4200/" "Mozilla/5.0 (Windows NT 10.0; Win64; x64) AppleWebKit/537.36 (KHTML, like Gecko) Chrome/96.0.4664.110 Safari/537.36"
::1 - - [07/Jan/2022:16:08:14 +0000] "GET /images/calv%C3%A9_1641571594891.jpg HTTP/1.1" 200 66520 "http://localhost:4200/" "Mozilla/5.0 (Windows NT 10.0; Win64; x64) AppleWebKit/537.36 (KHTML, like Gecko) Chrome/96.0.4664.110 Safari/537.36"
::1 - - [07/Jan/2022:16:08:17 +0000] "OPTIONS /api/sauces HTTP/1.1" 200 13 "http://localhost:4200/" "Mozilla/5.0 (Windows NT 10.0; Win64; x64) AppleWebKit/537.36 (KHTML, like Gecko) Chrome/96.0.4664.110 Safari/537.36"
::1 - - [07/Jan/2022:16:08:17 +0000] "GET /api/sauces HTTP/1.1" 304 - "http://localhost:4200/" "Mozilla/5.0 (Windows NT 10.0; Win64; x64) AppleWebKit/537.36 (KHTML, like Gecko) Chrome/96.0.4664.110 Safari/537.36"
::1 - - [07/Jan/2022:16:08:17 +0000] "GET /images/calv%C3%A9_1641571594891.jpg HTTP/1.1" 200 66520 "http://localhost:4200/" "Mozilla/5.0 (Windows NT 10.0; Win64; x64) AppleWebKit/537.36 (KHTML, like Gecko) Chrome/96.0.4664.110 Safari/537.36"
::1 - - [07/Jan/2022:16:09:06 +0000] "OPTIONS /api/sauces/61d8650ac08d763a545a4b74 HTTP/1.1" 200 19 "http://localhost:4200/" "Mozilla/5.0 (Windows NT 10.0; Win64; x64) AppleWebKit/537.36 (KHTML, like Gecko) Chrome/96.0.4664.110 Safari/537.36"
::1 - - [07/Jan/2022:16:09:07 +0000] "GET /api/sauces/61d8650ac08d763a545a4b74 HTTP/1.1" 304 - "http://localhost:4200/" "Mozilla/5.0 (Windows NT 10.0; Win64; x64) AppleWebKit/537.36 (KHTML, like Gecko) Chrome/96.0.4664.110 Safari/537.36"
::1 - - [07/Jan/2022:16:09:07 +0000] "GET /images/calv%C3%A9_1641571594891.jpg HTTP/1.1" 200 66520 "http://localhost:4200/" "Mozilla/5.0 (Windows NT 10.0; Win64; x64) AppleWebKit/537.36 (KHTML, like Gecko) Chrome/96.0.4664.110 Safari/537.36"
::1 - - [07/Jan/2022:16:10:15 +0000] "OPTIONS /api/sauces HTTP/1.1" 200 13 "http://localhost:4200/" "Mozilla/5.0 (Windows NT 10.0; Win64; x64) AppleWebKit/537.36 (KHTML, like Gecko) Chrome/96.0.4664.110 Safari/537.36"
::1 - - [07/Jan/2022:16:10:16 +0000] "POST /api/sauces HTTP/1.1" 201 54 "http://localhost:4200/" "Mozilla/5.0 (Windows NT 10.0; Win64; x64) AppleWebKit/537.36 (KHTML, like Gecko) Chrome/96.0.4664.110 Safari/537.36"
::1 - - [07/Jan/2022:16:10:16 +0000] "GET /api/sauces HTTP/1.1" 200 664 "http://localhost:4200/" "Mozilla/5.0 (Windows NT 10.0; Win64; x64) AppleWebKit/537.36 (KHTML, like Gecko) Chrome/96.0.4664.110 Safari/537.36"
::1 - - [07/Jan/2022:16:10:16 +0000] "GET /images/calv%C3%A9_1641571594891.jpg HTTP/1.1" 200 66520 "http://localhost:4200/" "Mozilla/5.0 (Windows NT 10.0; Win64; x64) AppleWebKit/537.36 (KHTML, like Gecko) Chrome/96.0.4664.110 Safari/537.36"
::1 - - [07/Jan/2022:16:10:16 +0000] "GET /images/calve-partysaus-chili_1641571815728.jpg HTTP/1.1" 200 204446 "http://localhost:4200/" "Mozilla/5.0 (Windows NT 10.0; Win64; x64) AppleWebKit/537.36 (KHTML, like Gecko) Chrome/96.0.4664.110 Safari/537.36"
::1 - - [07/Jan/2022:16:10:19 +0000] "OPTIONS /api/sauces/61d8650ac08d763a545a4b74 HTTP/1.1" 200 19 "http://localhost:4200/" "Mozilla/5.0 (Windows NT 10.0; Win64; x64) AppleWebKit/537.36 (KHTML, like Gecko) Chrome/96.0.4664.110 Safari/537.36"
::1 - - [07/Jan/2022:16:10:19 +0000] "GET /api/sauces/61d8650ac08d763a545a4b74 HTTP/1.1" 304 - "http://localhost:4200/" "Mozilla/5.0 (Windows NT 10.0; Win64; x64) AppleWebKit/537.36 (KHTML, like Gecko) Chrome/96.0.4664.110 Safari/537.36"
::1 - - [07/Jan/2022:16:10:19 +0000] "GET /images/calv%C3%A9_1641571594891.jpg HTTP/1.1" 200 66520 "http://localhost:4200/" "Mozilla/5.0 (Windows NT 10.0; Win64; x64) AppleWebKit/537.36 (KHTML, like Gecko) Chrome/96.0.4664.110 Safari/537.36"
::1 - - [07/Jan/2022:16:14:42 +0000] "OPTIONS /api/sauces HTTP/1.1" 200 13 "http://localhost:4200/" "Mozilla/5.0 (Windows NT 10.0; Win64; x64) AppleWebKit/537.36 (KHTML, like Gecko) Chrome/96.0.4664.110 Safari/537.36"
::1 - - [07/Jan/2022:16:14:42 +0000] "GET /api/sauces HTTP/1.1" 304 - "http://localhost:4200/" "Mozilla/5.0 (Windows NT 10.0; Win64; x64) AppleWebKit/537.36 (KHTML, like Gecko) Chrome/96.0.4664.110 Safari/537.36"
::1 - - [07/Jan/2022:16:14:42 +0000] "GET /images/calv%C3%A9_1641571594891.jpg HTTP/1.1" 200 66520 "http://localhost:4200/" "Mozilla/5.0 (Windows NT 10.0; Win64; x64) AppleWebKit/537.36 (KHTML, like Gecko) Chrome/96.0.4664.110 Safari/537.36"
::1 - - [07/Jan/2022:16:14:42 +0000] "GET /images/calve-partysaus-chili_1641571815728.jpg HTTP/1.1" 200 204446 "http://localhost:4200/" "Mozilla/5.0 (Windows NT 10.0; Win64; x64) AppleWebKit/537.36 (KHTML, like Gecko) Chrome/96.0.4664.110 Safari/537.36"
::1 - - [07/Jan/2022:16:14:59 +0000] "OPTIONS /api/sauces HTTP/1.1" 200 13 "http://localhost:4200/" "Mozilla/5.0 (Windows NT 10.0; Win64; x64) AppleWebKit/537.36 (KHTML, like Gecko) Chrome/96.0.4664.110 Safari/537.36"
::1 - - [07/Jan/2022:16:15:00 +0000] "GET /api/sauces HTTP/1.1" 304 - "http://localhost:4200/" "Mozilla/5.0 (Windows NT 10.0; Win64; x64) AppleWebKit/537.36 (KHTML, like Gecko) Chrome/96.0.4664.110 Safari/537.36"
::1 - - [07/Jan/2022:16:15:01 +0000] "GET /images/calv%C3%A9_1641571594891.jpg HTTP/1.1" 200 66520 "http://localhost:4200/" "Mozilla/5.0 (Windows NT 10.0; Win64; x64) AppleWebKit/537.36 (KHTML, like Gecko) Chrome/96.0.4664.110 Safari/537.36"
::1 - - [07/Jan/2022:16:15:01 +0000] "GET /images/calve-partysaus-chili_1641571815728.jpg HTTP/1.1" 200 204446 "http://localhost:4200/" "Mozilla/5.0 (Windows NT 10.0; Win64; x64) AppleWebKit/537.36 (KHTML, like Gecko) Chrome/96.0.4664.110 Safari/537.36"
::1 - - [07/Jan/2022:16:15:02 +0000] "OPTIONS /api/sauces/61d865e764d2fe2f24858fbe HTTP/1.1" 200 19 "http://localhost:4200/" "Mozilla/5.0 (Windows NT 10.0; Win64; x64) AppleWebKit/537.36 (KHTML, like Gecko) Chrome/96.0.4664.110 Safari/537.36"
::1 - - [07/Jan/2022:16:15:02 +0000] "GET /api/sauces/61d865e764d2fe2f24858fbe HTTP/1.1" 200 348 "http://localhost:4200/" "Mozilla/5.0 (Windows NT 10.0; Win64; x64) AppleWebKit/537.36 (KHTML, like Gecko) Chrome/96.0.4664.110 Safari/537.36"
::1 - - [07/Jan/2022:16:15:03 +0000] "GET /images/calve-partysaus-chili_1641571815728.jpg HTTP/1.1" 200 204446 "http://localhost:4200/" "Mozilla/5.0 (Windows NT 10.0; Win64; x64) AppleWebKit/537.36 (KHTML, like Gecko) Chrome/96.0.4664.110 Safari/537.36"
::1 - - [07/Jan/2022:16:15:05 +0000] "OPTIONS /api/sauces HTTP/1.1" 200 13 "http://localhost:4200/" "Mozilla/5.0 (Windows NT 10.0; Win64; x64) AppleWebKit/537.36 (KHTML, like Gecko) Chrome/96.0.4664.110 Safari/537.36"
::1 - - [07/Jan/2022:16:15:05 +0000] "GET /api/sauces HTTP/1.1" 401 101 "http://localhost:4200/" "Mozilla/5.0 (Windows NT 10.0; Win64; x64) AppleWebKit/537.36 (KHTML, like Gecko) Chrome/96.0.4664.110 Safari/537.36"
::1 - - [07/Jan/2022:16:15:09 +0000] "GET /api/sauces HTTP/1.1" 401 101 "http://localhost:4200/" "Mozilla/5.0 (Windows NT 10.0; Win64; x64) AppleWebKit/537.36 (KHTML, like Gecko) Chrome/96.0.4664.110 Safari/537.36"
::1 - - [07/Jan/2022:16:15:57 +0000] "OPTIONS /api/auth/login HTTP/1.1" 200 4 "http://localhost:4200/" "Mozilla/5.0 (Windows NT 10.0; Win64; x64) AppleWebKit/537.36 (KHTML, like Gecko) Chrome/96.0.4664.110 Safari/537.36"
::1 - - [07/Jan/2022:16:15:58 +0000] "POST /api/auth/login HTTP/1.1" 200 224 "http://localhost:4200/" "Mozilla/5.0 (Windows NT 10.0; Win64; x64) AppleWebKit/537.36 (KHTML, like Gecko) Chrome/96.0.4664.110 Safari/537.36"
::1 - - [07/Jan/2022:16:15:59 +0000] "OPTIONS /api/sauces HTTP/1.1" 200 13 "http://localhost:4200/" "Mozilla/5.0 (Windows NT 10.0; Win64; x64) AppleWebKit/537.36 (KHTML, like Gecko) Chrome/96.0.4664.110 Safari/537.36"
::1 - - [07/Jan/2022:16:15:59 +0000] "GET /api/sauces HTTP/1.1" 304 - "http://localhost:4200/" "Mozilla/5.0 (Windows NT 10.0; Win64; x64) AppleWebKit/537.36 (KHTML, like Gecko) Chrome/96.0.4664.110 Safari/537.36"
::1 - - [07/Jan/2022:16:15:59 +0000] "GET /images/calv%C3%A9_1641571594891.jpg HTTP/1.1" 200 66520 "http://localhost:4200/" "Mozilla/5.0 (Windows NT 10.0; Win64; x64) AppleWebKit/537.36 (KHTML, like Gecko) Chrome/96.0.4664.110 Safari/537.36"
::1 - - [07/Jan/2022:16:15:59 +0000] "GET /images/calve-partysaus-chili_1641571815728.jpg HTTP/1.1" 200 204446 "http://localhost:4200/" "Mozilla/5.0 (Windows NT 10.0; Win64; x64) AppleWebKit/537.36 (KHTML, like Gecko) Chrome/96.0.4664.110 Safari/537.36"
::1 - - [07/Jan/2022:16:16:01 +0000] "OPTIONS /api/sauces/61d8650ac08d763a545a4b74 HTTP/1.1" 200 19 "http://localhost:4200/" "Mozilla/5.0 (Windows NT 10.0; Win64; x64) AppleWebKit/537.36 (KHTML, like Gecko) Chrome/96.0.4664.110 Safari/537.36"
::1 - - [07/Jan/2022:16:16:01 +0000] "GET /api/sauces/61d8650ac08d763a545a4b74 HTTP/1.1" 304 - "http://localhost:4200/" "Mozilla/5.0 (Windows NT 10.0; Win64; x64) AppleWebKit/537.36 (KHTML, like Gecko) Chrome/96.0.4664.110 Safari/537.36"
::1 - - [07/Jan/2022:16:16:01 +0000] "GET /images/calv%C3%A9_1641571594891.jpg HTTP/1.1" 200 66520 "http://localhost:4200/" "Mozilla/5.0 (Windows NT 10.0; Win64; x64) AppleWebKit/537.36 (KHTML, like Gecko) Chrome/96.0.4664.110 Safari/537.36"
::1 - - [07/Jan/2022:16:16:03 +0000] "GET /api/sauces HTTP/1.1" 304 - "http://localhost:4200/" "Mozilla/5.0 (Windows NT 10.0; Win64; x64) AppleWebKit/537.36 (KHTML, like Gecko) Chrome/96.0.4664.110 Safari/537.36"
::1 - - [07/Jan/2022:16:16:03 +0000] "GET /images/calv%C3%A9_1641571594891.jpg HTTP/1.1" 200 66520 "http://localhost:4200/" "Mozilla/5.0 (Windows NT 10.0; Win64; x64) AppleWebKit/537.36 (KHTML, like Gecko) Chrome/96.0.4664.110 Safari/537.36"
::1 - - [07/Jan/2022:16:16:03 +0000] "GET /images/calve-partysaus-chili_1641571815728.jpg HTTP/1.1" 200 204446 "http://localhost:4200/" "Mozilla/5.0 (Windows NT 10.0; Win64; x64) AppleWebKit/537.36 (KHTML, like Gecko) Chrome/96.0.4664.110 Safari/537.36"
::1 - - [07/Jan/2022:16:16:55 +0000] "OPTIONS /api/sauces HTTP/1.1" 200 13 "http://localhost:4200/" "Mozilla/5.0 (Windows NT 10.0; Win64; x64) AppleWebKit/537.36 (KHTML, like Gecko) Chrome/96.0.4664.110 Safari/537.36"
::1 - - [07/Jan/2022:16:16:56 +0000] "GET /api/sauces HTTP/1.1" 304 - "http://localhost:4200/" "Mozilla/5.0 (Windows NT 10.0; Win64; x64) AppleWebKit/537.36 (KHTML, like Gecko) Chrome/96.0.4664.110 Safari/537.36"
::1 - - [07/Jan/2022:16:16:58 +0000] "GET /api/sauces HTTP/1.1" 304 - "http://localhost:4200/" "Mozilla/5.0 (Windows NT 10.0; Win64; x64) AppleWebKit/537.36 (KHTML, like Gecko) Chrome/96.0.4664.110 Safari/537.36"
::1 - - [07/Jan/2022:16:16:58 +0000] "GET /images/calv%C3%A9_1641571594891.jpg HTTP/1.1" 200 66520 "http://localhost:4200/" "Mozilla/5.0 (Windows NT 10.0; Win64; x64) AppleWebKit/537.36 (KHTML, like Gecko) Chrome/96.0.4664.110 Safari/537.36"
::1 - - [07/Jan/2022:16:16:58 +0000] "GET /images/calve-partysaus-chili_1641571815728.jpg HTTP/1.1" 200 204446 "http://localhost:4200/" "Mozilla/5.0 (Windows NT 10.0; Win64; x64) AppleWebKit/537.36 (KHTML, like Gecko) Chrome/96.0.4664.110 Safari/537.36"
::1 - - [07/Jan/2022:16:17:04 +0000] "OPTIONS /api/sauces/61d8650ac08d763a545a4b74 HTTP/1.1" 200 19 "http://localhost:4200/" "Mozilla/5.0 (Windows NT 10.0; Win64; x64) AppleWebKit/537.36 (KHTML, like Gecko) Chrome/96.0.4664.110 Safari/537.36"
::1 - - [07/Jan/2022:16:17:04 +0000] "GET /api/sauces/61d8650ac08d763a545a4b74 HTTP/1.1" 304 - "http://localhost:4200/" "Mozilla/5.0 (Windows NT 10.0; Win64; x64) AppleWebKit/537.36 (KHTML, like Gecko) Chrome/96.0.4664.110 Safari/537.36"
::1 - - [07/Jan/2022:16:17:08 +0000] "OPTIONS /api/sauces HTTP/1.1" 200 13 "http://localhost:4200/" "Mozilla/5.0 (Windows NT 10.0; Win64; x64) AppleWebKit/537.36 (KHTML, like Gecko) Chrome/96.0.4664.110 Safari/537.36"
::1 - - [07/Jan/2022:16:17:08 +0000] "GET /api/sauces HTTP/1.1" 304 - "http://localhost:4200/" "Mozilla/5.0 (Windows NT 10.0; Win64; x64) AppleWebKit/537.36 (KHTML, like Gecko) Chrome/96.0.4664.110 Safari/537.36"
::1 - - [07/Jan/2022:16:17:21 +0000] "OPTIONS /api/sauces/61d8650ac08d763a545a4b74 HTTP/1.1" 200 19 "http://localhost:4200/" "Mozilla/5.0 (Windows NT 10.0; Win64; x64) AppleWebKit/537.36 (KHTML, like Gecko) Chrome/96.0.4664.110 Safari/537.36"
::1 - - [07/Jan/2022:16:17:38 +0000] "OPTIONS /api/sauces HTTP/1.1" 200 13 "http://localhost:4200/" "Mozilla/5.0 (Windows NT 10.0; Win64; x64) AppleWebKit/537.36 (KHTML, like Gecko) Chrome/96.0.4664.110 Safari/537.36"
::1 - - [07/Jan/2022:16:17:39 +0000] "GET /api/sauces HTTP/1.1" 304 - "http://localhost:4200/" "Mozilla/5.0 (Windows NT 10.0; Win64; x64) AppleWebKit/537.36 (KHTML, like Gecko) Chrome/96.0.4664.110 Safari/537.36"
::1 - - [07/Jan/2022:16:17:40 +0000] "OPTIONS /api/sauces/61d8650ac08d763a545a4b74 HTTP/1.1" 200 19 "http://localhost:4200/" "Mozilla/5.0 (Windows NT 10.0; Win64; x64) AppleWebKit/537.36 (KHTML, like Gecko) Chrome/96.0.4664.110 Safari/537.36"
::1 - - [07/Jan/2022:16:17:40 +0000] "GET /api/sauces/61d8650ac08d763a545a4b74 HTTP/1.1" 304 - "http://localhost:4200/" "Mozilla/5.0 (Windows NT 10.0; Win64; x64) AppleWebKit/537.36 (KHTML, like Gecko) Chrome/96.0.4664.110 Safari/537.36"
::1 - - [07/Jan/2022:16:17:45 +0000] "OPTIONS /api/sauces HTTP/1.1" 200 13 "http://localhost:4200/" "Mozilla/5.0 (Windows NT 10.0; Win64; x64) AppleWebKit/537.36 (KHTML, like Gecko) Chrome/96.0.4664.110 Safari/537.36"
::1 - - [07/Jan/2022:16:17:45 +0000] "GET /api/sauces HTTP/1.1" 304 - "http://localhost:4200/" "Mozilla/5.0 (Windows NT 10.0; Win64; x64) AppleWebKit/537.36 (KHTML, like Gecko) Chrome/96.0.4664.110 Safari/537.36"
::1 - - [07/Jan/2022:16:19:01 +0000] "OPTIONS /api/sauces HTTP/1.1" 200 13 "http://localhost:4200/" "Mozilla/5.0 (Windows NT 10.0; Win64; x64) AppleWebKit/537.36 (KHTML, like Gecko) Chrome/96.0.4664.110 Safari/537.36"
::1 - - [07/Jan/2022:16:19:04 +0000] "GET /api/sauces HTTP/1.1" 304 - "http://localhost:4200/" "Mozilla/5.0 (Windows NT 10.0; Win64; x64) AppleWebKit/537.36 (KHTML, like Gecko) Chrome/96.0.4664.110 Safari/537.36"
::1 - - [07/Jan/2022:16:19:09 +0000] "OPTIONS /api/sauces/61d865e764d2fe2f24858fbe HTTP/1.1" 200 19 "http://localhost:4200/" "Mozilla/5.0 (Windows NT 10.0; Win64; x64) AppleWebKit/537.36 (KHTML, like Gecko) Chrome/96.0.4664.110 Safari/537.36"
::1 - - [07/Jan/2022:16:19:10 +0000] "GET /api/sauces/61d865e764d2fe2f24858fbe HTTP/1.1" 304 - "http://localhost:4200/" "Mozilla/5.0 (Windows NT 10.0; Win64; x64) AppleWebKit/537.36 (KHTML, like Gecko) Chrome/96.0.4664.110 Safari/537.36"
::1 - - [07/Jan/2022:16:19:12 +0000] "OPTIONS /api/sauces HTTP/1.1" 200 13 "http://localhost:4200/" "Mozilla/5.0 (Windows NT 10.0; Win64; x64) AppleWebKit/537.36 (KHTML, like Gecko) Chrome/96.0.4664.110 Safari/537.36"
::1 - - [07/Jan/2022:16:19:12 +0000] "GET /api/sauces HTTP/1.1" 304 - "http://localhost:4200/" "Mozilla/5.0 (Windows NT 10.0; Win64; x64) AppleWebKit/537.36 (KHTML, like Gecko) Chrome/96.0.4664.110 Safari/537.36"
::1 - - [07/Jan/2022:16:19:25 +0000] "OPTIONS /api/auth/login HTTP/1.1" 200 4 "http://localhost:4200/" "Mozilla/5.0 (Windows NT 10.0; Win64; x64) AppleWebKit/537.36 (KHTML, like Gecko) Chrome/96.0.4664.110 Safari/537.36"
::1 - - [07/Jan/2022:16:19:27 +0000] "POST /api/auth/login HTTP/1.1" 200 224 "http://localhost:4200/" "Mozilla/5.0 (Windows NT 10.0; Win64; x64) AppleWebKit/537.36 (KHTML, like Gecko) Chrome/96.0.4664.110 Safari/537.36"
::1 - - [07/Jan/2022:16:19:27 +0000] "OPTIONS /api/sauces HTTP/1.1" 200 13 "http://localhost:4200/" "Mozilla/5.0 (Windows NT 10.0; Win64; x64) AppleWebKit/537.36 (KHTML, like Gecko) Chrome/96.0.4664.110 Safari/537.36"
::1 - - [07/Jan/2022:16:19:27 +0000] "GET /api/sauces HTTP/1.1" 304 - "http://localhost:4200/" "Mozilla/5.0 (Windows NT 10.0; Win64; x64) AppleWebKit/537.36 (KHTML, like Gecko) Chrome/96.0.4664.110 Safari/537.36"
::1 - - [07/Jan/2022:16:19:28 +0000] "GET /images/calv%C3%A9_1641571594891.jpg HTTP/1.1" 304 - "http://localhost:4200/" "Mozilla/5.0 (Windows NT 10.0; Win64; x64) AppleWebKit/537.36 (KHTML, like Gecko) Chrome/96.0.4664.110 Safari/537.36"
::1 - - [07/Jan/2022:16:19:28 +0000] "GET /images/calve-partysaus-chili_1641571815728.jpg HTTP/1.1" 304 - "http://localhost:4200/" "Mozilla/5.0 (Windows NT 10.0; Win64; x64) AppleWebKit/537.36 (KHTML, like Gecko) Chrome/96.0.4664.110 Safari/537.36"
::1 - - [07/Jan/2022:16:27:19 +0000] "OPTIONS /api/sauces/61d8650ac08d763a545a4b74 HTTP/1.1" 200 19 "http://localhost:4200/" "Mozilla/5.0 (Windows NT 10.0; Win64; x64) AppleWebKit/537.36 (KHTML, like Gecko) Chrome/96.0.4664.110 Safari/537.36"
::1 - - [07/Jan/2022:16:27:20 +0000] "GET /api/sauces/61d8650ac08d763a545a4b74 HTTP/1.1" 304 - "http://localhost:4200/" "Mozilla/5.0 (Windows NT 10.0; Win64; x64) AppleWebKit/537.36 (KHTML, like Gecko) Chrome/96.0.4664.110 Safari/537.36"
::1 - - [07/Jan/2022:16:27:21 +0000] "GET /images/calv%C3%A9_1641571594891.jpg HTTP/1.1" 304 - "http://localhost:4200/" "Mozilla/5.0 (Windows NT 10.0; Win64; x64) AppleWebKit/537.36 (KHTML, like Gecko) Chrome/96.0.4664.110 Safari/537.36"
::1 - - [07/Jan/2022:16:27:22 +0000] "OPTIONS /api/sauces HTTP/1.1" 200 13 "http://localhost:4200/" "Mozilla/5.0 (Windows NT 10.0; Win64; x64) AppleWebKit/537.36 (KHTML, like Gecko) Chrome/96.0.4664.110 Safari/537.36"
::1 - - [07/Jan/2022:16:27:22 +0000] "GET /api/sauces HTTP/1.1" 304 - "http://localhost:4200/" "Mozilla/5.0 (Windows NT 10.0; Win64; x64) AppleWebKit/537.36 (KHTML, like Gecko) Chrome/96.0.4664.110 Safari/537.36"
::1 - - [07/Jan/2022:16:27:22 +0000] "GET /images/calv%C3%A9_1641571594891.jpg HTTP/1.1" 304 - "http://localhost:4200/" "Mozilla/5.0 (Windows NT 10.0; Win64; x64) AppleWebKit/537.36 (KHTML, like Gecko) Chrome/96.0.4664.110 Safari/537.36"
::1 - - [07/Jan/2022:16:27:22 +0000] "GET /images/calve-partysaus-chili_1641571815728.jpg HTTP/1.1" 304 - "http://localhost:4200/" "Mozilla/5.0 (Windows NT 10.0; Win64; x64) AppleWebKit/537.36 (KHTML, like Gecko) Chrome/96.0.4664.110 Safari/537.36"
::1 - - [07/Jan/2022:16:27:32 +0000] "OPTIONS /api/auth/login HTTP/1.1" 200 4 "http://localhost:4200/" "Mozilla/5.0 (Windows NT 10.0; Win64; x64) AppleWebKit/537.36 (KHTML, like Gecko) Chrome/96.0.4664.110 Safari/537.36"
::1 - - [07/Jan/2022:16:27:33 +0000] "POST /api/auth/login HTTP/1.1" 200 224 "http://localhost:4200/" "Mozilla/5.0 (Windows NT 10.0; Win64; x64) AppleWebKit/537.36 (KHTML, like Gecko) Chrome/96.0.4664.110 Safari/537.36"
::1 - - [07/Jan/2022:16:27:33 +0000] "OPTIONS /api/sauces HTTP/1.1" 200 13 "http://localhost:4200/" "Mozilla/5.0 (Windows NT 10.0; Win64; x64) AppleWebKit/537.36 (KHTML, like Gecko) Chrome/96.0.4664.110 Safari/537.36"
::1 - - [07/Jan/2022:16:27:33 +0000] "GET /api/sauces HTTP/1.1" 304 - "http://localhost:4200/" "Mozilla/5.0 (Windows NT 10.0; Win64; x64) AppleWebKit/537.36 (KHTML, like Gecko) Chrome/96.0.4664.110 Safari/537.36"
::1 - - [07/Jan/2022:16:27:33 +0000] "GET /images/calv%C3%A9_1641571594891.jpg HTTP/1.1" 304 - "http://localhost:4200/" "Mozilla/5.0 (Windows NT 10.0; Win64; x64) AppleWebKit/537.36 (KHTML, like Gecko) Chrome/96.0.4664.110 Safari/537.36"
::1 - - [07/Jan/2022:16:27:33 +0000] "GET /images/calve-partysaus-chili_1641571815728.jpg HTTP/1.1" 304 - "http://localhost:4200/" "Mozilla/5.0 (Windows NT 10.0; Win64; x64) AppleWebKit/537.36 (KHTML, like Gecko) Chrome/96.0.4664.110 Safari/537.36"
::1 - - [07/Jan/2022:16:27:40 +0000] "OPTIONS /api/sauces/61d8650ac08d763a545a4b74 HTTP/1.1" 200 19 "http://localhost:4200/" "Mozilla/5.0 (Windows NT 10.0; Win64; x64) AppleWebKit/537.36 (KHTML, like Gecko) Chrome/96.0.4664.110 Safari/537.36"
::1 - - [07/Jan/2022:16:27:40 +0000] "GET /api/sauces/61d8650ac08d763a545a4b74 HTTP/1.1" 304 - "http://localhost:4200/" "Mozilla/5.0 (Windows NT 10.0; Win64; x64) AppleWebKit/537.36 (KHTML, like Gecko) Chrome/96.0.4664.110 Safari/537.36"
::1 - - [07/Jan/2022:16:27:41 +0000] "GET /images/calv%C3%A9_1641571594891.jpg HTTP/1.1" 304 - "http://localhost:4200/" "Mozilla/5.0 (Windows NT 10.0; Win64; x64) AppleWebKit/537.36 (KHTML, like Gecko) Chrome/96.0.4664.110 Safari/537.36"
::1 - - [07/Jan/2022:16:27:42 +0000] "OPTIONS /api/sauces HTTP/1.1" 200 13 "http://localhost:4200/" "Mozilla/5.0 (Windows NT 10.0; Win64; x64) AppleWebKit/537.36 (KHTML, like Gecko) Chrome/96.0.4664.110 Safari/537.36"
::1 - - [07/Jan/2022:16:27:42 +0000] "GET /api/sauces HTTP/1.1" 304 - "http://localhost:4200/" "Mozilla/5.0 (Windows NT 10.0; Win64; x64) AppleWebKit/537.36 (KHTML, like Gecko) Chrome/96.0.4664.110 Safari/537.36"
::1 - - [07/Jan/2022:16:27:42 +0000] "GET /images/calv%C3%A9_1641571594891.jpg HTTP/1.1" 304 - "http://localhost:4200/" "Mozilla/5.0 (Windows NT 10.0; Win64; x64) AppleWebKit/537.36 (KHTML, like Gecko) Chrome/96.0.4664.110 Safari/537.36"
::1 - - [07/Jan/2022:16:27:42 +0000] "GET /images/calve-partysaus-chili_1641571815728.jpg HTTP/1.1" 304 - "http://localhost:4200/" "Mozilla/5.0 (Windows NT 10.0; Win64; x64) AppleWebKit/537.36 (KHTML, like Gecko) Chrome/96.0.4664.110 Safari/537.36"
::1 - - [07/Jan/2022:16:27:45 +0000] "GET /api/sauces HTTP/1.1" 304 - "http://localhost:4200/" "Mozilla/5.0 (Windows NT 10.0; Win64; x64) AppleWebKit/537.36 (KHTML, like Gecko) Chrome/96.0.4664.110 Safari/537.36"
::1 - - [07/Jan/2022:16:27:46 +0000] "GET /images/calv%C3%A9_1641571594891.jpg HTTP/1.1" 304 - "http://localhost:4200/" "Mozilla/5.0 (Windows NT 10.0; Win64; x64) AppleWebKit/537.36 (KHTML, like Gecko) Chrome/96.0.4664.110 Safari/537.36"
::1 - - [07/Jan/2022:16:27:46 +0000] "GET /images/calve-partysaus-chili_1641571815728.jpg HTTP/1.1" 304 - "http://localhost:4200/" "Mozilla/5.0 (Windows NT 10.0; Win64; x64) AppleWebKit/537.36 (KHTML, like Gecko) Chrome/96.0.4664.110 Safari/537.36"
::1 - - [07/Jan/2022:16:30:18 +0000] "OPTIONS /api/sauces HTTP/1.1" 200 13 "http://localhost:4200/" "Mozilla/5.0 (Windows NT 10.0; Win64; x64) AppleWebKit/537.36 (KHTML, like Gecko) Chrome/96.0.4664.110 Safari/537.36"
::1 - - [07/Jan/2022:16:30:20 +0000] "GET /api/sauces HTTP/1.1" 304 - "http://localhost:4200/" "Mozilla/5.0 (Windows NT 10.0; Win64; x64) AppleWebKit/537.36 (KHTML, like Gecko) Chrome/96.0.4664.110 Safari/537.36"
::1 - - [07/Jan/2022:16:30:20 +0000] "GET /images/calv%C3%A9_1641571594891.jpg HTTP/1.1" 304 - "http://localhost:4200/" "Mozilla/5.0 (Windows NT 10.0; Win64; x64) AppleWebKit/537.36 (KHTML, like Gecko) Chrome/96.0.4664.110 Safari/537.36"
::1 - - [07/Jan/2022:16:30:20 +0000] "GET /images/calve-partysaus-chili_1641571815728.jpg HTTP/1.1" 304 - "http://localhost:4200/" "Mozilla/5.0 (Windows NT 10.0; Win64; x64) AppleWebKit/537.36 (KHTML, like Gecko) Chrome/96.0.4664.110 Safari/537.36"
::1 - - [07/Jan/2022:16:32:58 +0000] "OPTIONS /api/sauces HTTP/1.1" 200 13 "http://localhost:4200/" "Mozilla/5.0 (Windows NT 10.0; Win64; x64) AppleWebKit/537.36 (KHTML, like Gecko) Chrome/96.0.4664.110 Safari/537.36"
::1 - - [07/Jan/2022:16:32:58 +0000] "GET /api/sauces HTTP/1.1" 304 - "http://localhost:4200/" "Mozilla/5.0 (Windows NT 10.0; Win64; x64) AppleWebKit/537.36 (KHTML, like Gecko) Chrome/96.0.4664.110 Safari/537.36"
::1 - - [07/Jan/2022:16:32:58 +0000] "GET /images/calv%C3%A9_1641571594891.jpg HTTP/1.1" 304 - "http://localhost:4200/" "Mozilla/5.0 (Windows NT 10.0; Win64; x64) AppleWebKit/537.36 (KHTML, like Gecko) Chrome/96.0.4664.110 Safari/537.36"
::1 - - [07/Jan/2022:16:32:58 +0000] "GET /images/calve-partysaus-chili_1641571815728.jpg HTTP/1.1" 304 - "http://localhost:4200/" "Mozilla/5.0 (Windows NT 10.0; Win64; x64) AppleWebKit/537.36 (KHTML, like Gecko) Chrome/96.0.4664.110 Safari/537.36"
::1 - - [07/Jan/2022:16:33:00 +0000] "OPTIONS /api/sauces/61d8650ac08d763a545a4b74 HTTP/1.1" 200 19 "http://localhost:4200/" "Mozilla/5.0 (Windows NT 10.0; Win64; x64) AppleWebKit/537.36 (KHTML, like Gecko) Chrome/96.0.4664.110 Safari/537.36"
::1 - - [07/Jan/2022:16:33:00 +0000] "GET /api/sauces/61d8650ac08d763a545a4b74 HTTP/1.1" 304 - "http://localhost:4200/" "Mozilla/5.0 (Windows NT 10.0; Win64; x64) AppleWebKit/537.36 (KHTML, like Gecko) Chrome/96.0.4664.110 Safari/537.36"
::1 - - [07/Jan/2022:16:33:01 +0000] "GET /images/calv%C3%A9_1641571594891.jpg HTTP/1.1" 304 - "http://localhost:4200/" "Mozilla/5.0 (Windows NT 10.0; Win64; x64) AppleWebKit/537.36 (KHTML, like Gecko) Chrome/96.0.4664.110 Safari/537.36"
::1 - - [07/Jan/2022:16:33:03 +0000] "OPTIONS /api/sauces HTTP/1.1" 200 13 "http://localhost:4200/" "Mozilla/5.0 (Windows NT 10.0; Win64; x64) AppleWebKit/537.36 (KHTML, like Gecko) Chrome/96.0.4664.110 Safari/537.36"
::1 - - [07/Jan/2022:16:33:03 +0000] "GET /api/sauces HTTP/1.1" 304 - "http://localhost:4200/" "Mozilla/5.0 (Windows NT 10.0; Win64; x64) AppleWebKit/537.36 (KHTML, like Gecko) Chrome/96.0.4664.110 Safari/537.36"
::1 - - [07/Jan/2022:16:33:03 +0000] "GET /images/calv%C3%A9_1641571594891.jpg HTTP/1.1" 304 - "http://localhost:4200/" "Mozilla/5.0 (Windows NT 10.0; Win64; x64) AppleWebKit/537.36 (KHTML, like Gecko) Chrome/96.0.4664.110 Safari/537.36"
::1 - - [07/Jan/2022:16:33:03 +0000] "GET /images/calve-partysaus-chili_1641571815728.jpg HTTP/1.1" 304 - "http://localhost:4200/" "Mozilla/5.0 (Windows NT 10.0; Win64; x64) AppleWebKit/537.36 (KHTML, like Gecko) Chrome/96.0.4664.110 Safari/537.36"
::1 - - [07/Jan/2022:16:33:22 +0000] "OPTIONS /api/sauces HTTP/1.1" 200 13 "http://localhost:4200/" "Mozilla/5.0 (Windows NT 10.0; Win64; x64) AppleWebKit/537.36 (KHTML, like Gecko) Chrome/96.0.4664.110 Safari/537.36"
::1 - - [07/Jan/2022:16:33:23 +0000] "GET /api/sauces HTTP/1.1" 304 - "http://localhost:4200/" "Mozilla/5.0 (Windows NT 10.0; Win64; x64) AppleWebKit/537.36 (KHTML, like Gecko) Chrome/96.0.4664.110 Safari/537.36"
::1 - - [07/Jan/2022:16:33:23 +0000] "GET /images/calv%C3%A9_1641571594891.jpg HTTP/1.1" 304 - "http://localhost:4200/" "Mozilla/5.0 (Windows NT 10.0; Win64; x64) AppleWebKit/537.36 (KHTML, like Gecko) Chrome/96.0.4664.110 Safari/537.36"
::1 - - [07/Jan/2022:16:33:23 +0000] "GET /images/calve-partysaus-chili_1641571815728.jpg HTTP/1.1" 304 - "http://localhost:4200/" "Mozilla/5.0 (Windows NT 10.0; Win64; x64) AppleWebKit/537.36 (KHTML, like Gecko) Chrome/96.0.4664.110 Safari/537.36"
::1 - - [07/Jan/2022:16:33:25 +0000] "OPTIONS /api/sauces/61d8650ac08d763a545a4b74 HTTP/1.1" 200 19 "http://localhost:4200/" "Mozilla/5.0 (Windows NT 10.0; Win64; x64) AppleWebKit/537.36 (KHTML, like Gecko) Chrome/96.0.4664.110 Safari/537.36"
::1 - - [07/Jan/2022:16:33:25 +0000] "GET /api/sauces/61d8650ac08d763a545a4b74 HTTP/1.1" 304 - "http://localhost:4200/" "Mozilla/5.0 (Windows NT 10.0; Win64; x64) AppleWebKit/537.36 (KHTML, like Gecko) Chrome/96.0.4664.110 Safari/537.36"
::1 - - [07/Jan/2022:16:33:25 +0000] "GET /images/calv%C3%A9_1641571594891.jpg HTTP/1.1" 304 - "http://localhost:4200/" "Mozilla/5.0 (Windows NT 10.0; Win64; x64) AppleWebKit/537.36 (KHTML, like Gecko) Chrome/96.0.4664.110 Safari/537.36"
::1 - - [07/Jan/2022:16:33:27 +0000] "GET /api/sauces HTTP/1.1" 304 - "http://localhost:4200/" "Mozilla/5.0 (Windows NT 10.0; Win64; x64) AppleWebKit/537.36 (KHTML, like Gecko) Chrome/96.0.4664.110 Safari/537.36"
::1 - - [07/Jan/2022:16:33:27 +0000] "GET /images/calv%C3%A9_1641571594891.jpg HTTP/1.1" 304 - "http://localhost:4200/" "Mozilla/5.0 (Windows NT 10.0; Win64; x64) AppleWebKit/537.36 (KHTML, like Gecko) Chrome/96.0.4664.110 Safari/537.36"
::1 - - [07/Jan/2022:16:33:27 +0000] "GET /images/calve-partysaus-chili_1641571815728.jpg HTTP/1.1" 304 - "http://localhost:4200/" "Mozilla/5.0 (Windows NT 10.0; Win64; x64) AppleWebKit/537.36 (KHTML, like Gecko) Chrome/96.0.4664.110 Safari/537.36"
::1 - - [07/Jan/2022:16:33:49 +0000] "OPTIONS /api/sauces/61d865e764d2fe2f24858fbe HTTP/1.1" 200 19 "http://localhost:4200/" "Mozilla/5.0 (Windows NT 10.0; Win64; x64) AppleWebKit/537.36 (KHTML, like Gecko) Chrome/96.0.4664.110 Safari/537.36"
::1 - - [07/Jan/2022:16:33:49 +0000] "GET /api/sauces/61d865e764d2fe2f24858fbe HTTP/1.1" 304 - "http://localhost:4200/" "Mozilla/5.0 (Windows NT 10.0; Win64; x64) AppleWebKit/537.36 (KHTML, like Gecko) Chrome/96.0.4664.110 Safari/537.36"
::1 - - [07/Jan/2022:16:33:49 +0000] "GET /images/calve-partysaus-chili_1641571815728.jpg HTTP/1.1" 304 - "http://localhost:4200/" "Mozilla/5.0 (Windows NT 10.0; Win64; x64) AppleWebKit/537.36 (KHTML, like Gecko) Chrome/96.0.4664.110 Safari/537.36"
::1 - - [07/Jan/2022:16:33:52 +0000] "OPTIONS /api/sauces HTTP/1.1" 200 13 "http://localhost:4200/" "Mozilla/5.0 (Windows NT 10.0; Win64; x64) AppleWebKit/537.36 (KHTML, like Gecko) Chrome/96.0.4664.110 Safari/537.36"
::1 - - [07/Jan/2022:16:33:52 +0000] "GET /api/sauces HTTP/1.1" 304 - "http://localhost:4200/" "Mozilla/5.0 (Windows NT 10.0; Win64; x64) AppleWebKit/537.36 (KHTML, like Gecko) Chrome/96.0.4664.110 Safari/537.36"
::1 - - [07/Jan/2022:16:33:52 +0000] "GET /images/calv%C3%A9_1641571594891.jpg HTTP/1.1" 304 - "http://localhost:4200/" "Mozilla/5.0 (Windows NT 10.0; Win64; x64) AppleWebKit/537.36 (KHTML, like Gecko) Chrome/96.0.4664.110 Safari/537.36"
::1 - - [07/Jan/2022:16:33:53 +0000] "GET /images/calve-partysaus-chili_1641571815728.jpg HTTP/1.1" 304 - "http://localhost:4200/" "Mozilla/5.0 (Windows NT 10.0; Win64; x64) AppleWebKit/537.36 (KHTML, like Gecko) Chrome/96.0.4664.110 Safari/537.36"
::1 - - [07/Jan/2022:16:34:19 +0000] "OPTIONS /api/sauces HTTP/1.1" 200 13 "http://localhost:4200/" "Mozilla/5.0 (Windows NT 10.0; Win64; x64) AppleWebKit/537.36 (KHTML, like Gecko) Chrome/96.0.4664.110 Safari/537.36"
::1 - - [07/Jan/2022:16:34:20 +0000] "GET /api/sauces HTTP/1.1" 304 - "http://localhost:4200/" "Mozilla/5.0 (Windows NT 10.0; Win64; x64) AppleWebKit/537.36 (KHTML, like Gecko) Chrome/96.0.4664.110 Safari/537.36"
::1 - - [07/Jan/2022:16:34:20 +0000] "GET /images/calv%C3%A9_1641571594891.jpg HTTP/1.1" 304 - "http://localhost:4200/" "Mozilla/5.0 (Windows NT 10.0; Win64; x64) AppleWebKit/537.36 (KHTML, like Gecko) Chrome/96.0.4664.110 Safari/537.36"
::1 - - [07/Jan/2022:16:34:20 +0000] "GET /images/calve-partysaus-chili_1641571815728.jpg HTTP/1.1" 304 - "http://localhost:4200/" "Mozilla/5.0 (Windows NT 10.0; Win64; x64) AppleWebKit/537.36 (KHTML, like Gecko) Chrome/96.0.4664.110 Safari/537.36"
::1 - - [07/Jan/2022:16:34:23 +0000] "OPTIONS /api/sauces/61d8650ac08d763a545a4b74 HTTP/1.1" 200 19 "http://localhost:4200/" "Mozilla/5.0 (Windows NT 10.0; Win64; x64) AppleWebKit/537.36 (KHTML, like Gecko) Chrome/96.0.4664.110 Safari/537.36"
::1 - - [07/Jan/2022:16:34:23 +0000] "GET /api/sauces/61d8650ac08d763a545a4b74 HTTP/1.1" 304 - "http://localhost:4200/" "Mozilla/5.0 (Windows NT 10.0; Win64; x64) AppleWebKit/537.36 (KHTML, like Gecko) Chrome/96.0.4664.110 Safari/537.36"
::1 - - [07/Jan/2022:16:34:23 +0000] "GET /images/calv%C3%A9_1641571594891.jpg HTTP/1.1" 304 - "http://localhost:4200/" "Mozilla/5.0 (Windows NT 10.0; Win64; x64) AppleWebKit/537.36 (KHTML, like Gecko) Chrome/96.0.4664.110 Safari/537.36"
::ffff:127.0.0.1 - - [07/Jan/2022:16:34:29 +0000] "OPTIONS /api/sauces HTTP/1.1" 200 13 "http://localhost:4200/" "Mozilla/5.0 (Windows NT 10.0; Win64; x64) AppleWebKit/537.36 (KHTML, like Gecko) Chrome/96.0.4664.110 Safari/537.36"
::ffff:127.0.0.1 - - [07/Jan/2022:16:34:30 +0000] "GET /api/sauces HTTP/1.1" 304 - "http://localhost:4200/" "Mozilla/5.0 (Windows NT 10.0; Win64; x64) AppleWebKit/537.36 (KHTML, like Gecko) Chrome/96.0.4664.110 Safari/537.36"
::1 - - [07/Jan/2022:16:34:31 +0000] "GET /images/calv%C3%A9_1641571594891.jpg HTTP/1.1" 304 - "http://localhost:4200/" "Mozilla/5.0 (Windows NT 10.0; Win64; x64) AppleWebKit/537.36 (KHTML, like Gecko) Chrome/96.0.4664.110 Safari/537.36"
::1 - - [07/Jan/2022:16:34:31 +0000] "GET /images/calve-partysaus-chili_1641571815728.jpg HTTP/1.1" 304 - "http://localhost:4200/" "Mozilla/5.0 (Windows NT 10.0; Win64; x64) AppleWebKit/537.36 (KHTML, like Gecko) Chrome/96.0.4664.110 Safari/537.36"
::1 - - [07/Jan/2022:17:06:22 +0000] "OPTIONS /api/auth/login HTTP/1.1" 200 4 "http://localhost:4200/" "Mozilla/5.0 (Windows NT 10.0; Win64; x64) AppleWebKit/537.36 (KHTML, like Gecko) Chrome/96.0.4664.110 Safari/537.36"
::1 - - [07/Jan/2022:17:06:23 +0000] "POST /api/auth/login HTTP/1.1" 401 44 "http://localhost:4200/" "Mozilla/5.0 (Windows NT 10.0; Win64; x64) AppleWebKit/537.36 (KHTML, like Gecko) Chrome/96.0.4664.110 Safari/537.36"
::1 - - [07/Jan/2022:17:06:31 +0000] "OPTIONS /api/auth/login HTTP/1.1" 200 4 "http://localhost:4200/" "Mozilla/5.0 (Windows NT 10.0; Win64; x64) AppleWebKit/537.36 (KHTML, like Gecko) Chrome/96.0.4664.110 Safari/537.36"
::1 - - [07/Jan/2022:17:06:31 +0000] "POST /api/auth/login HTTP/1.1" 200 224 "http://localhost:4200/" "Mozilla/5.0 (Windows NT 10.0; Win64; x64) AppleWebKit/537.36 (KHTML, like Gecko) Chrome/96.0.4664.110 Safari/537.36"
::1 - - [07/Jan/2022:17:06:33 +0000] "OPTIONS /api/sauces HTTP/1.1" 200 13 "http://localhost:4200/" "Mozilla/5.0 (Windows NT 10.0; Win64; x64) AppleWebKit/537.36 (KHTML, like Gecko) Chrome/96.0.4664.110 Safari/537.36"
::1 - - [07/Jan/2022:17:06:33 +0000] "GET /api/sauces HTTP/1.1" 200 664 "http://localhost:4200/" "Mozilla/5.0 (Windows NT 10.0; Win64; x64) AppleWebKit/537.36 (KHTML, like Gecko) Chrome/96.0.4664.110 Safari/537.36"
::1 - - [07/Jan/2022:17:06:33 +0000] "GET /images/calve-partysaus-chili_1641571815728.jpg HTTP/1.1" 200 204446 "http://localhost:4200/" "Mozilla/5.0 (Windows NT 10.0; Win64; x64) AppleWebKit/537.36 (KHTML, like Gecko) Chrome/96.0.4664.110 Safari/537.36"
::1 - - [07/Jan/2022:17:06:33 +0000] "GET /images/calv%C3%A9_1641571594891.jpg HTTP/1.1" 200 66520 "http://localhost:4200/" "Mozilla/5.0 (Windows NT 10.0; Win64; x64) AppleWebKit/537.36 (KHTML, like Gecko) Chrome/96.0.4664.110 Safari/537.36"
::1 - - [07/Jan/2022:17:06:48 +0000] "OPTIONS /api/sauces/61d8650ac08d763a545a4b74 HTTP/1.1" 200 19 "http://localhost:4200/" "Mozilla/5.0 (Windows NT 10.0; Win64; x64) AppleWebKit/537.36 (KHTML, like Gecko) Chrome/96.0.4664.110 Safari/537.36"
::1 - - [07/Jan/2022:17:06:48 +0000] "GET /api/sauces/61d8650ac08d763a545a4b74 HTTP/1.1" 304 - "http://localhost:4200/" "Mozilla/5.0 (Windows NT 10.0; Win64; x64) AppleWebKit/537.36 (KHTML, like Gecko) Chrome/96.0.4664.110 Safari/537.36"
::1 - - [07/Jan/2022:17:06:48 +0000] "GET /images/calv%C3%A9_1641571594891.jpg HTTP/1.1" 200 66520 "http://localhost:4200/" "Mozilla/5.0 (Windows NT 10.0; Win64; x64) AppleWebKit/537.36 (KHTML, like Gecko) Chrome/96.0.4664.110 Safari/537.36"
::1 - - [07/Jan/2022:17:06:51 +0000] "OPTIONS /api/sauces HTTP/1.1" 200 13 "http://localhost:4200/" "Mozilla/5.0 (Windows NT 10.0; Win64; x64) AppleWebKit/537.36 (KHTML, like Gecko) Chrome/96.0.4664.110 Safari/537.36"
::1 - - [07/Jan/2022:17:06:51 +0000] "GET /api/sauces HTTP/1.1" 200 664 "http://localhost:4200/" "Mozilla/5.0 (Windows NT 10.0; Win64; x64) AppleWebKit/537.36 (KHTML, like Gecko) Chrome/96.0.4664.110 Safari/537.36"
::1 - - [07/Jan/2022:17:06:51 +0000] "GET /images/calv%C3%A9_1641571594891.jpg HTTP/1.1" 200 66520 "http://localhost:4200/" "Mozilla/5.0 (Windows NT 10.0; Win64; x64) AppleWebKit/537.36 (KHTML, like Gecko) Chrome/96.0.4664.110 Safari/537.36"
::1 - - [07/Jan/2022:17:06:51 +0000] "GET /images/calve-partysaus-chili_1641571815728.jpg HTTP/1.1" 200 204446 "http://localhost:4200/" "Mozilla/5.0 (Windows NT 10.0; Win64; x64) AppleWebKit/537.36 (KHTML, like Gecko) Chrome/96.0.4664.110 Safari/537.36"
::ffff:127.0.0.1 - - [07/Jan/2022:17:07:05 +0000] "OPTIONS /api/sauces HTTP/1.1" 200 13 "http://localhost:4200/" "Mozilla/5.0 (Windows NT 10.0; Win64; x64) AppleWebKit/537.36 (KHTML, like Gecko) Chrome/96.0.4664.110 Safari/537.36"
::ffff:127.0.0.1 - - [07/Jan/2022:17:07:08 +0000] "GET /api/sauces HTTP/1.1" 200 664 "http://localhost:4200/" "Mozilla/5.0 (Windows NT 10.0; Win64; x64) AppleWebKit/537.36 (KHTML, like Gecko) Chrome/96.0.4664.110 Safari/537.36"
::1 - - [07/Jan/2022:17:07:08 +0000] "GET /images/calv%C3%A9_1641571594891.jpg HTTP/1.1" 200 66520 "http://localhost:4200/" "Mozilla/5.0 (Windows NT 10.0; Win64; x64) AppleWebKit/537.36 (KHTML, like Gecko) Chrome/96.0.4664.110 Safari/537.36"
::1 - - [07/Jan/2022:17:07:08 +0000] "GET /images/calve-partysaus-chili_1641571815728.jpg HTTP/1.1" 200 204446 "http://localhost:4200/" "Mozilla/5.0 (Windows NT 10.0; Win64; x64) AppleWebKit/537.36 (KHTML, like Gecko) Chrome/96.0.4664.110 Safari/537.36"
::1 - - [07/Jan/2022:17:07:12 +0000] "OPTIONS /api/sauces/61d865e764d2fe2f24858fbe HTTP/1.1" 200 19 "http://localhost:4200/" "Mozilla/5.0 (Windows NT 10.0; Win64; x64) AppleWebKit/537.36 (KHTML, like Gecko) Chrome/96.0.4664.110 Safari/537.36"
::1 - - [07/Jan/2022:17:07:13 +0000] "GET /api/sauces/61d865e764d2fe2f24858fbe HTTP/1.1" 304 - "http://localhost:4200/" "Mozilla/5.0 (Windows NT 10.0; Win64; x64) AppleWebKit/537.36 (KHTML, like Gecko) Chrome/96.0.4664.110 Safari/537.36"
::1 - - [07/Jan/2022:17:07:13 +0000] "GET /images/calve-partysaus-chili_1641571815728.jpg HTTP/1.1" 200 204446 "http://localhost:4200/" "Mozilla/5.0 (Windows NT 10.0; Win64; x64) AppleWebKit/537.36 (KHTML, like Gecko) Chrome/96.0.4664.110 Safari/537.36"
::1 - - [07/Jan/2022:17:07:15 +0000] "OPTIONS /api/sauces HTTP/1.1" 200 13 "http://localhost:4200/" "Mozilla/5.0 (Windows NT 10.0; Win64; x64) AppleWebKit/537.36 (KHTML, like Gecko) Chrome/96.0.4664.110 Safari/537.36"
::1 - - [07/Jan/2022:17:07:15 +0000] "GET /api/sauces HTTP/1.1" 200 664 "http://localhost:4200/" "Mozilla/5.0 (Windows NT 10.0; Win64; x64) AppleWebKit/537.36 (KHTML, like Gecko) Chrome/96.0.4664.110 Safari/537.36"
::1 - - [07/Jan/2022:17:07:16 +0000] "GET /images/calv%C3%A9_1641571594891.jpg HTTP/1.1" 200 66520 "http://localhost:4200/" "Mozilla/5.0 (Windows NT 10.0; Win64; x64) AppleWebKit/537.36 (KHTML, like Gecko) Chrome/96.0.4664.110 Safari/537.36"
::1 - - [07/Jan/2022:17:07:16 +0000] "GET /images/calve-partysaus-chili_1641571815728.jpg HTTP/1.1" 200 204446 "http://localhost:4200/" "Mozilla/5.0 (Windows NT 10.0; Win64; x64) AppleWebKit/537.36 (KHTML, like Gecko) Chrome/96.0.4664.110 Safari/537.36"
::1 - - [07/Jan/2022:17:08:36 +0000] "OPTIONS /api/sauces/61d8650ac08d763a545a4b74 HTTP/1.1" 200 19 "http://localhost:4200/" "Mozilla/5.0 (Windows NT 10.0; Win64; x64) AppleWebKit/537.36 (KHTML, like Gecko) Chrome/96.0.4664.110 Safari/537.36"
::1 - - [07/Jan/2022:17:08:36 +0000] "GET /api/sauces/61d8650ac08d763a545a4b74 HTTP/1.1" 200 313 "http://localhost:4200/" "Mozilla/5.0 (Windows NT 10.0; Win64; x64) AppleWebKit/537.36 (KHTML, like Gecko) Chrome/96.0.4664.110 Safari/537.36"
::1 - - [07/Jan/2022:17:08:36 +0000] "GET /images/calv%C3%A9_1641571594891.jpg HTTP/1.1" 200 66520 "http://localhost:4200/" "Mozilla/5.0 (Windows NT 10.0; Win64; x64) AppleWebKit/537.36 (KHTML, like Gecko) Chrome/96.0.4664.110 Safari/537.36"
::1 - - [07/Jan/2022:17:08:41 +0000] "OPTIONS /api/sauces HTTP/1.1" 200 13 "http://localhost:4200/" "Mozilla/5.0 (Windows NT 10.0; Win64; x64) AppleWebKit/537.36 (KHTML, like Gecko) Chrome/96.0.4664.110 Safari/537.36"
::1 - - [07/Jan/2022:17:08:41 +0000] "GET /api/sauces HTTP/1.1" 200 664 "http://localhost:4200/" "Mozilla/5.0 (Windows NT 10.0; Win64; x64) AppleWebKit/537.36 (KHTML, like Gecko) Chrome/96.0.4664.110 Safari/537.36"
::1 - - [07/Jan/2022:17:08:41 +0000] "GET /images/calv%C3%A9_1641571594891.jpg HTTP/1.1" 200 66520 "http://localhost:4200/" "Mozilla/5.0 (Windows NT 10.0; Win64; x64) AppleWebKit/537.36 (KHTML, like Gecko) Chrome/96.0.4664.110 Safari/537.36"
::1 - - [07/Jan/2022:17:08:41 +0000] "GET /images/calve-partysaus-chili_1641571815728.jpg HTTP/1.1" 200 204446 "http://localhost:4200/" "Mozilla/5.0 (Windows NT 10.0; Win64; x64) AppleWebKit/537.36 (KHTML, like Gecko) Chrome/96.0.4664.110 Safari/537.36"
::1 - - [07/Jan/2022:17:09:12 +0000] "OPTIONS /api/sauces/61d8650ac08d763a545a4b74 HTTP/1.1" 200 19 "http://localhost:4200/" "Mozilla/5.0 (Windows NT 10.0; Win64; x64) AppleWebKit/537.36 (KHTML, like Gecko) Chrome/96.0.4664.110 Safari/537.36"
::1 - - [07/Jan/2022:17:09:12 +0000] "GET /api/sauces/61d8650ac08d763a545a4b74 HTTP/1.1" 200 313 "http://localhost:4200/" "Mozilla/5.0 (Windows NT 10.0; Win64; x64) AppleWebKit/537.36 (KHTML, like Gecko) Chrome/96.0.4664.110 Safari/537.36"
::1 - - [07/Jan/2022:17:09:12 +0000] "GET /images/calv%C3%A9_1641571594891.jpg HTTP/1.1" 200 66520 "http://localhost:4200/" "Mozilla/5.0 (Windows NT 10.0; Win64; x64) AppleWebKit/537.36 (KHTML, like Gecko) Chrome/96.0.4664.110 Safari/537.36"
::1 - - [07/Jan/2022:17:09:27 +0000] "OPTIONS /api/sauces HTTP/1.1" 200 13 "http://localhost:4200/" "Mozilla/5.0 (Windows NT 10.0; Win64; x64) AppleWebKit/537.36 (KHTML, like Gecko) Chrome/96.0.4664.110 Safari/537.36"
::1 - - [07/Jan/2022:17:09:27 +0000] "GET /api/sauces HTTP/1.1" 200 664 "http://localhost:4200/" "Mozilla/5.0 (Windows NT 10.0; Win64; x64) AppleWebKit/537.36 (KHTML, like Gecko) Chrome/96.0.4664.110 Safari/537.36"
::1 - - [07/Jan/2022:17:09:27 +0000] "GET /images/calv%C3%A9_1641571594891.jpg HTTP/1.1" 200 66520 "http://localhost:4200/" "Mozilla/5.0 (Windows NT 10.0; Win64; x64) AppleWebKit/537.36 (KHTML, like Gecko) Chrome/96.0.4664.110 Safari/537.36"
::1 - - [07/Jan/2022:17:09:27 +0000] "GET /images/calve-partysaus-chili_1641571815728.jpg HTTP/1.1" 200 204446 "http://localhost:4200/" "Mozilla/5.0 (Windows NT 10.0; Win64; x64) AppleWebKit/537.36 (KHTML, like Gecko) Chrome/96.0.4664.110 Safari/537.36"
::1 - - [07/Jan/2022:17:09:28 +0000] "OPTIONS /api/sauces/61d865e764d2fe2f24858fbe HTTP/1.1" 200 19 "http://localhost:4200/" "Mozilla/5.0 (Windows NT 10.0; Win64; x64) AppleWebKit/537.36 (KHTML, like Gecko) Chrome/96.0.4664.110 Safari/537.36"
::1 - - [07/Jan/2022:17:09:28 +0000] "GET /api/sauces/61d865e764d2fe2f24858fbe HTTP/1.1" 200 348 "http://localhost:4200/" "Mozilla/5.0 (Windows NT 10.0; Win64; x64) AppleWebKit/537.36 (KHTML, like Gecko) Chrome/96.0.4664.110 Safari/537.36"
::1 - - [07/Jan/2022:17:09:28 +0000] "GET /images/calve-partysaus-chili_1641571815728.jpg HTTP/1.1" 200 204446 "http://localhost:4200/" "Mozilla/5.0 (Windows NT 10.0; Win64; x64) AppleWebKit/537.36 (KHTML, like Gecko) Chrome/96.0.4664.110 Safari/537.36"
::1 - - [07/Jan/2022:17:09:32 +0000] "GET /api/sauces HTTP/1.1" 200 664 "http://localhost:4200/" "Mozilla/5.0 (Windows NT 10.0; Win64; x64) AppleWebKit/537.36 (KHTML, like Gecko) Chrome/96.0.4664.110 Safari/537.36"
::1 - - [07/Jan/2022:17:09:32 +0000] "GET /images/calv%C3%A9_1641571594891.jpg HTTP/1.1" 200 66520 "http://localhost:4200/" "Mozilla/5.0 (Windows NT 10.0; Win64; x64) AppleWebKit/537.36 (KHTML, like Gecko) Chrome/96.0.4664.110 Safari/537.36"
::1 - - [07/Jan/2022:17:09:32 +0000] "GET /images/calve-partysaus-chili_1641571815728.jpg HTTP/1.1" 200 204446 "http://localhost:4200/" "Mozilla/5.0 (Windows NT 10.0; Win64; x64) AppleWebKit/537.36 (KHTML, like Gecko) Chrome/96.0.4664.110 Safari/537.36"
::1 - - [07/Jan/2022:17:09:33 +0000] "OPTIONS /api/sauces/61d8650ac08d763a545a4b74 HTTP/1.1" 200 19 "http://localhost:4200/" "Mozilla/5.0 (Windows NT 10.0; Win64; x64) AppleWebKit/537.36 (KHTML, like Gecko) Chrome/96.0.4664.110 Safari/537.36"
::1 - - [07/Jan/2022:17:09:33 +0000] "GET /api/sauces/61d8650ac08d763a545a4b74 HTTP/1.1" 200 313 "http://localhost:4200/" "Mozilla/5.0 (Windows NT 10.0; Win64; x64) AppleWebKit/537.36 (KHTML, like Gecko) Chrome/96.0.4664.110 Safari/537.36"
::1 - - [07/Jan/2022:17:09:33 +0000] "GET /images/calv%C3%A9_1641571594891.jpg HTTP/1.1" 200 66520 "http://localhost:4200/" "Mozilla/5.0 (Windows NT 10.0; Win64; x64) AppleWebKit/537.36 (KHTML, like Gecko) Chrome/96.0.4664.110 Safari/537.36"
::1 - - [07/Jan/2022:17:10:09 +0000] "OPTIONS /api/sauces HTTP/1.1" 200 13 "http://localhost:4200/" "Mozilla/5.0 (Windows NT 10.0; Win64; x64) AppleWebKit/537.36 (KHTML, like Gecko) Chrome/96.0.4664.110 Safari/537.36"
::1 - - [07/Jan/2022:17:10:09 +0000] "GET /api/sauces HTTP/1.1" 200 664 "http://localhost:4200/" "Mozilla/5.0 (Windows NT 10.0; Win64; x64) AppleWebKit/537.36 (KHTML, like Gecko) Chrome/96.0.4664.110 Safari/537.36"
::1 - - [07/Jan/2022:17:10:10 +0000] "GET /images/calv%C3%A9_1641571594891.jpg HTTP/1.1" 200 66520 "http://localhost:4200/" "Mozilla/5.0 (Windows NT 10.0; Win64; x64) AppleWebKit/537.36 (KHTML, like Gecko) Chrome/96.0.4664.110 Safari/537.36"
::1 - - [07/Jan/2022:17:10:10 +0000] "GET /images/calve-partysaus-chili_1641571815728.jpg HTTP/1.1" 200 204446 "http://localhost:4200/" "Mozilla/5.0 (Windows NT 10.0; Win64; x64) AppleWebKit/537.36 (KHTML, like Gecko) Chrome/96.0.4664.110 Safari/537.36"
::1 - - [07/Jan/2022:17:10:39 +0000] "OPTIONS /api/sauces/61d8650ac08d763a545a4b74 HTTP/1.1" 200 19 "http://localhost:4200/" "Mozilla/5.0 (Windows NT 10.0; Win64; x64) AppleWebKit/537.36 (KHTML, like Gecko) Chrome/96.0.4664.110 Safari/537.36"
::1 - - [07/Jan/2022:17:10:40 +0000] "GET /api/sauces/61d8650ac08d763a545a4b74 HTTP/1.1" 200 313 "http://localhost:4200/" "Mozilla/5.0 (Windows NT 10.0; Win64; x64) AppleWebKit/537.36 (KHTML, like Gecko) Chrome/96.0.4664.110 Safari/537.36"
::1 - - [07/Jan/2022:17:10:40 +0000] "GET /images/calv%C3%A9_1641571594891.jpg HTTP/1.1" 200 66520 "http://localhost:4200/" "Mozilla/5.0 (Windows NT 10.0; Win64; x64) AppleWebKit/537.36 (KHTML, like Gecko) Chrome/96.0.4664.110 Safari/537.36"
::1 - - [07/Jan/2022:17:10:42 +0000] "OPTIONS /api/sauces HTTP/1.1" 200 13 "http://localhost:4200/" "Mozilla/5.0 (Windows NT 10.0; Win64; x64) AppleWebKit/537.36 (KHTML, like Gecko) Chrome/96.0.4664.110 Safari/537.36"
::1 - - [07/Jan/2022:17:10:42 +0000] "GET /api/sauces HTTP/1.1" 200 664 "http://localhost:4200/" "Mozilla/5.0 (Windows NT 10.0; Win64; x64) AppleWebKit/537.36 (KHTML, like Gecko) Chrome/96.0.4664.110 Safari/537.36"
::1 - - [07/Jan/2022:17:10:42 +0000] "GET /images/calv%C3%A9_1641571594891.jpg HTTP/1.1" 200 66520 "http://localhost:4200/" "Mozilla/5.0 (Windows NT 10.0; Win64; x64) AppleWebKit/537.36 (KHTML, like Gecko) Chrome/96.0.4664.110 Safari/537.36"
::1 - - [07/Jan/2022:17:10:42 +0000] "GET /images/calve-partysaus-chili_1641571815728.jpg HTTP/1.1" 200 204446 "http://localhost:4200/" "Mozilla/5.0 (Windows NT 10.0; Win64; x64) AppleWebKit/537.36 (KHTML, like Gecko) Chrome/96.0.4664.110 Safari/537.36"
::1 - - [07/Jan/2022:17:10:46 +0000] "OPTIONS /api/sauces/61d8650ac08d763a545a4b74 HTTP/1.1" 200 19 "http://localhost:4200/" "Mozilla/5.0 (Windows NT 10.0; Win64; x64) AppleWebKit/537.36 (KHTML, like Gecko) Chrome/96.0.4664.110 Safari/537.36"
::1 - - [07/Jan/2022:17:10:46 +0000] "GET /api/sauces/61d8650ac08d763a545a4b74 HTTP/1.1" 200 313 "http://localhost:4200/" "Mozilla/5.0 (Windows NT 10.0; Win64; x64) AppleWebKit/537.36 (KHTML, like Gecko) Chrome/96.0.4664.110 Safari/537.36"
::1 - - [07/Jan/2022:17:10:46 +0000] "GET /images/calv%C3%A9_1641571594891.jpg HTTP/1.1" 200 66520 "http://localhost:4200/" "Mozilla/5.0 (Windows NT 10.0; Win64; x64) AppleWebKit/537.36 (KHTML, like Gecko) Chrome/96.0.4664.110 Safari/537.36"
::1 - - [07/Jan/2022:17:10:47 +0000] "OPTIONS /api/sauces/61d8650ac08d763a545a4b74/like HTTP/1.1" 200 4 "http://localhost:4200/" "Mozilla/5.0 (Windows NT 10.0; Win64; x64) AppleWebKit/537.36 (KHTML, like Gecko) Chrome/96.0.4664.110 Safari/537.36"
::1 - - [07/Jan/2022:17:10:47 +0000] "POST /api/sauces/61d8650ac08d763a545a4b74/like HTTP/1.1" 201 42 "http://localhost:4200/" "Mozilla/5.0 (Windows NT 10.0; Win64; x64) AppleWebKit/537.36 (KHTML, like Gecko) Chrome/96.0.4664.110 Safari/537.36"
::1 - - [07/Jan/2022:17:10:49 +0000] "OPTIONS /api/sauces HTTP/1.1" 200 13 "http://localhost:4200/" "Mozilla/5.0 (Windows NT 10.0; Win64; x64) AppleWebKit/537.36 (KHTML, like Gecko) Chrome/96.0.4664.110 Safari/537.36"
::1 - - [07/Jan/2022:17:10:49 +0000] "GET /api/sauces HTTP/1.1" 200 690 "http://localhost:4200/" "Mozilla/5.0 (Windows NT 10.0; Win64; x64) AppleWebKit/537.36 (KHTML, like Gecko) Chrome/96.0.4664.110 Safari/537.36"
::1 - - [07/Jan/2022:17:10:49 +0000] "GET /images/calv%C3%A9_1641571594891.jpg HTTP/1.1" 200 66520 "http://localhost:4200/" "Mozilla/5.0 (Windows NT 10.0; Win64; x64) AppleWebKit/537.36 (KHTML, like Gecko) Chrome/96.0.4664.110 Safari/537.36"
::1 - - [07/Jan/2022:17:10:49 +0000] "GET /images/calve-partysaus-chili_1641571815728.jpg HTTP/1.1" 200 204446 "http://localhost:4200/" "Mozilla/5.0 (Windows NT 10.0; Win64; x64) AppleWebKit/537.36 (KHTML, like Gecko) Chrome/96.0.4664.110 Safari/537.36"
::1 - - [07/Jan/2022:17:10:50 +0000] "OPTIONS /api/sauces/61d865e764d2fe2f24858fbe HTTP/1.1" 200 19 "http://localhost:4200/" "Mozilla/5.0 (Windows NT 10.0; Win64; x64) AppleWebKit/537.36 (KHTML, like Gecko) Chrome/96.0.4664.110 Safari/537.36"
::1 - - [07/Jan/2022:17:10:50 +0000] "GET /api/sauces/61d865e764d2fe2f24858fbe HTTP/1.1" 200 348 "http://localhost:4200/" "Mozilla/5.0 (Windows NT 10.0; Win64; x64) AppleWebKit/537.36 (KHTML, like Gecko) Chrome/96.0.4664.110 Safari/537.36"
::1 - - [07/Jan/2022:17:10:50 +0000] "GET /images/calve-partysaus-chili_1641571815728.jpg HTTP/1.1" 200 204446 "http://localhost:4200/" "Mozilla/5.0 (Windows NT 10.0; Win64; x64) AppleWebKit/537.36 (KHTML, like Gecko) Chrome/96.0.4664.110 Safari/537.36"
::1 - - [07/Jan/2022:17:10:51 +0000] "OPTIONS /api/sauces/61d865e764d2fe2f24858fbe/like HTTP/1.1" 200 4 "http://localhost:4200/" "Mozilla/5.0 (Windows NT 10.0; Win64; x64) AppleWebKit/537.36 (KHTML, like Gecko) Chrome/96.0.4664.110 Safari/537.36"
::1 - - [07/Jan/2022:17:10:51 +0000] "POST /api/sauces/61d865e764d2fe2f24858fbe/like HTTP/1.1" 200 48 "http://localhost:4200/" "Mozilla/5.0 (Windows NT 10.0; Win64; x64) AppleWebKit/537.36 (KHTML, like Gecko) Chrome/96.0.4664.110 Safari/537.36"
::1 - - [07/Jan/2022:17:10:53 +0000] "GET /api/sauces HTTP/1.1" 200 716 "http://localhost:4200/" "Mozilla/5.0 (Windows NT 10.0; Win64; x64) AppleWebKit/537.36 (KHTML, like Gecko) Chrome/96.0.4664.110 Safari/537.36"
::1 - - [07/Jan/2022:17:10:53 +0000] "GET /images/calv%C3%A9_1641571594891.jpg HTTP/1.1" 200 66520 "http://localhost:4200/" "Mozilla/5.0 (Windows NT 10.0; Win64; x64) AppleWebKit/537.36 (KHTML, like Gecko) Chrome/96.0.4664.110 Safari/537.36"
::1 - - [07/Jan/2022:17:10:53 +0000] "GET /images/calve-partysaus-chili_1641571815728.jpg HTTP/1.1" 200 204446 "http://localhost:4200/" "Mozilla/5.0 (Windows NT 10.0; Win64; x64) AppleWebKit/537.36 (KHTML, like Gecko) Chrome/96.0.4664.110 Safari/537.36"
